<?xml version="1.0" encoding="UTF-8"?>
<!-- Generated by org.testng.reporters.JUnitReportReporter -->
<testsuite skipped="0" hostname="DESKTOP-FVKBK2P" name="TestRunner" tests="5" failures="0" timestamp="2021-06-08T15:50:06 WAT" time="1359.095" errors="0">
  <testcase name="runScenario" time="658.972" classname="TestRunner"/>
  <system-out/>
  <testcase name="runScenario" time="148.123" classname="TestRunner"/>
  <system-out/>
  <testcase name="runScenario" time="46.600" classname="TestRunner"/>
  <system-out/>
  <testcase name="runScenario" time="439.564" classname="TestRunner"/>
  <system-out/>
  <testcase name="runScenario" time="65.836" classname="TestRunner"/>
  <system-out/>
</testsuite> <!-- TestRunner -->
