<?xml version="1.0" encoding="UTF-8"?>
<!-- Generated by org.testng.reporters.JUnitReportReporter -->
<testsuite skipped="0" hostname="DESKTOP-FVKBK2P" name="TestRunner" tests="1" failures="0" timestamp="2021-07-13T07:04:41 WAT" time="77.720" errors="0">
  <testcase name="runScenario" time="77.720" classname="TestRunner"/>
  <system-out/>
</testsuite> <!-- TestRunner -->
